#
# There is insufficient memory for the Java Runtime Environment to continue.
# Native memory allocation (mmap) failed to map 230686720 bytes. Error detail: G1 virtual space
# Possible reasons:
#   The system is out of physical RAM or swap space
#   This process is running with CompressedOops enabled, and the Java Heap may be blocking the growth of the native heap
# Possible solutions:
#   Reduce memory load on the system
#   Increase physical memory or swap space
#   Check if swap backing store is full
#   Decrease Java heap size (-Xmx/-Xms)
#   Decrease number of Java threads
#   Decrease Java thread stack sizes (-Xss)
#   Set larger code cache with -XX:ReservedCodeCacheSize=
#   JVM is running with Zero Based Compressed Oops mode in which the Java heap is
#     placed in the first 32GB address space. The Java Heap base address is the
#     maximum limit for the native heap growth. Please use -XX:HeapBaseMinAddress
#     to set the Java Heap base and to place the Java Heap above 32GB virtual address.
# This output file may be truncated or incomplete.
#
#  Out of Memory Error (os_windows.cpp:3713), pid=39044, tid=38092
#
# JRE version:  (21.0.8+9) (build )
# Java VM: OpenJDK 64-Bit Server VM (21.0.8+9-LTS, mixed mode, sharing, tiered, compressed oops, compressed class ptrs, g1 gc, windows-amd64)
# No core dump will be written. Minidumps are not enabled by default on client versions of Windows
#

---------------  S U M M A R Y ------------

Command Line: -Dclassworlds.conf=D:\develop\apache-maven-3.9.11\bin\m2.conf -Dmaven.home=D:\develop\apache-maven-3.9.11 -Dlibrary.jansi.path=D:\develop\apache-maven-3.9.11\lib\jansi-native -Dmaven.multiModuleProjectDirectory=D:\code\lpc-pet-project org.codehaus.plexus.classworlds.launcher.Launcher clean install

Host: AMD Ryzen 5 6600H with Radeon Graphics         , 12 cores, 13G,  Windows 11 , 64 bit Build 26100 (10.0.26100.4484)
Time: Fri Aug  8 17:40:34 2025 elapsed time: 2.036989 seconds (0d 0h 0m 2s)

---------------  T H R E A D  ---------------

Current thread (0x000001d8100a7f50):  JavaThread "Unknown thread" [_thread_in_vm, id=38092, stack(0x000000cd8c200000,0x000000cd8c300000) (1024K)]

Stack: [0x000000cd8c200000,0x000000cd8c300000]
Native frames: (J=compiled Java code, j=interpreted, Vv=VM code, C=native code)
V  [jvm.dll+0x6d2449]
V  [jvm.dll+0x8ae341]
V  [jvm.dll+0x8b08be]
V  [jvm.dll+0x8b0fa3]
V  [jvm.dll+0x280c96]
V  [jvm.dll+0x6cec15]
V  [jvm.dll+0x6c2c3a]
V  [jvm.dll+0x35867a]
V  [jvm.dll+0x360246]
V  [jvm.dll+0x3b1f9e]
V  [jvm.dll+0x3b2248]
V  [jvm.dll+0x32c8fc]
V  [jvm.dll+0x32d45b]
V  [jvm.dll+0x8775d9]
V  [jvm.dll+0x3bed71]
V  [jvm.dll+0x8605d3]
V  [jvm.dll+0x4530ee]
V  [jvm.dll+0x454d31]
C  [jli.dll+0x5278]
C  [ucrtbase.dll+0x37b0]
C  [KERNEL32.DLL+0x2e8d7]
C  [ntdll.dll+0x3c34c]


---------------  P R O C E S S  ---------------

Threads class SMR info:
_java_thread_list=0x00007ff8d9b111c8, length=0, elements={
}

Java Threads: ( => current thread )
Total: 0

Other Threads:
  0x000001d8124fa910 WorkerThread "GC Thread#0"                     [id=29468, stack(0x000000cd8c300000,0x000000cd8c400000) (1024K)]
  0x000001d81250b190 ConcurrentGCThread "G1 Main Marker"            [id=34060, stack(0x000000cd8c400000,0x000000cd8c500000) (1024K)]
  0x000001d81250bb90 WorkerThread "G1 Conc#0"                       [id=32616, stack(0x000000cd8c500000,0x000000cd8c600000) (1024K)]

[error occurred during error reporting (printing all threads), id 0xc0000005, EXCEPTION_ACCESS_VIOLATION (0xc0000005) at pc=0x00007ff8d920f137]
VM state: not at safepoint (not fully initialized)

VM Mutex/Monitor currently owned by a thread:  ([mutex/lock_event])
[0x00007ff8d9b85558] Heap_lock - owner thread: 0x000001d8100a7f50

Heap address: 0x0000000724e00000, size: 3506 MB, Compressed Oops mode: Zero based, Oop shift amount: 3

CDS archive(s) mapped at: [0x0000000000000000-0x0000000000000000-0x0000000000000000), size 0, SharedBaseAddress: 0x0000000800000000, ArchiveRelocationMode: 1.
Narrow klass base: 0x0000000000000000, Narrow klass shift: 0, Narrow klass range: 0x0

GC Precious Log:
 CardTable entry size: 512
 Card Set container configuration: InlinePtr #cards 4 size 8 Array Of Cards #cards 16 size 48 Howl #buckets 8 coarsen threshold 3686 Howl Bitmap #cards 512 size 80 coarsen threshold 460 Card regions per heap region 1 cards per card region 4096

Heap:
 garbage-first heap   total 0K, used 0K [0x0000000724e00000, 0x0000000800000000)
  region size 2048K, 0 young (0K), 0 survivors (0K)

[error occurred during error reporting (printing heap information), id 0xc0000005, EXCEPTION_ACCESS_VIOLATION (0xc0000005) at pc=0x00007ff8d95fbba9]
GC Heap History (0 events):
No events

Dll operation events (1 events):
Event: 0.008 Loaded shared library D:\develop\mandrel-java21-23.1.8.0-Final\bin\java.dll

Deoptimization events (0 events):
No events

Classes loaded (0 events):
No events

Classes unloaded (0 events):
No events

Classes redefined (0 events):
No events

Internal exceptions (0 events):
No events

ZGC Phase Switch (0 events):
No events

VM Operations (0 events):
No events

Memory protections (0 events):
No events

Nmethod flushes (0 events):
No events

Events (0 events):
No events


Dynamic libraries:
0x00007ff7981f0000 - 0x00007ff7981fe000 	D:\develop\mandrel-java21-23.1.8.0-Final\bin\java.exe
0x00007ff9832e0000 - 0x00007ff983548000 	C:\WINDOWS\SYSTEM32\ntdll.dll
0x00007ff981b80000 - 0x00007ff981c49000 	C:\WINDOWS\System32\KERNEL32.DLL
0x00007ff980760000 - 0x00007ff980b4d000 	C:\WINDOWS\System32\KERNELBASE.dll
0x00007ff980430000 - 0x00007ff98057b000 	C:\WINDOWS\System32\ucrtbase.dll
0x00007ff967520000 - 0x00007ff96753e000 	D:\develop\mandrel-java21-23.1.8.0-Final\bin\VCRUNTIME140.dll
0x00007ff967890000 - 0x00007ff9678a8000 	D:\develop\mandrel-java21-23.1.8.0-Final\bin\jli.dll
0x00007ff981110000 - 0x00007ff9812dc000 	C:\WINDOWS\System32\USER32.dll
0x00007ff980f10000 - 0x00007ff980f37000 	C:\WINDOWS\System32\win32u.dll
0x00007ff9681a0000 - 0x00007ff96843a000 	C:\WINDOWS\WinSxS\amd64_microsoft.windows.common-controls_6595b64144ccf1df_6.0.26100.4484_none_3e0e6d4ce32ef3b3\COMCTL32.dll
0x00007ff981aa0000 - 0x00007ff981acb000 	C:\WINDOWS\System32\GDI32.dll
0x00007ff981ad0000 - 0x00007ff981b79000 	C:\WINDOWS\System32\msvcrt.dll
0x00007ff980f40000 - 0x00007ff981077000 	C:\WINDOWS\System32\gdi32full.dll
0x00007ff980610000 - 0x00007ff9806b3000 	C:\WINDOWS\System32\msvcp_win.dll
0x00007ff981d50000 - 0x00007ff981d7f000 	C:\WINDOWS\System32\IMM32.DLL
0x00007ff967a80000 - 0x00007ff967a8c000 	D:\develop\mandrel-java21-23.1.8.0-Final\bin\vcruntime140_1.dll
0x00007ff9518d0000 - 0x00007ff95195d000 	D:\develop\mandrel-java21-23.1.8.0-Final\bin\msvcp140.dll
0x00007ff8d8ed0000 - 0x00007ff8d9c67000 	D:\develop\mandrel-java21-23.1.8.0-Final\bin\server\jvm.dll
0x00007ff982430000 - 0x00007ff9824e4000 	C:\WINDOWS\System32\ADVAPI32.dll
0x00007ff9812e0000 - 0x00007ff981386000 	C:\WINDOWS\System32\sechost.dll
0x00007ff983180000 - 0x00007ff983298000 	C:\WINDOWS\System32\RPCRT4.dll
0x00007ff981e10000 - 0x00007ff981e84000 	C:\WINDOWS\System32\WS2_32.dll
0x00007ff977bc0000 - 0x00007ff977bcb000 	C:\WINDOWS\SYSTEM32\VERSION.dll
0x00007ff980210000 - 0x00007ff98026e000 	C:\WINDOWS\SYSTEM32\POWRPROF.dll
0x00007ff977b80000 - 0x00007ff977bb5000 	C:\WINDOWS\SYSTEM32\WINMM.dll
0x00007ff9801f0000 - 0x00007ff980204000 	C:\WINDOWS\SYSTEM32\UMPDC.dll
0x00007ff97f160000 - 0x00007ff97f17b000 	C:\WINDOWS\SYSTEM32\kernel.appcore.dll
0x00007ff966ad0000 - 0x00007ff966ada000 	D:\develop\mandrel-java21-23.1.8.0-Final\bin\jimage.dll
0x00007ff97dbb0000 - 0x00007ff97ddf1000 	C:\WINDOWS\SYSTEM32\DBGHELP.DLL
0x00007ff981e90000 - 0x00007ff982216000 	C:\WINDOWS\System32\combase.dll
0x00007ff981390000 - 0x00007ff981470000 	C:\WINDOWS\System32\OLEAUT32.dll
0x00007ff95c5d0000 - 0x00007ff95c613000 	C:\WINDOWS\SYSTEM32\dbgcore.DLL
0x00007ff9806c0000 - 0x00007ff980759000 	C:\WINDOWS\System32\bcryptPrimitives.dll
0x00007ff966ab0000 - 0x00007ff966acf000 	D:\develop\mandrel-java21-23.1.8.0-Final\bin\java.dll

JVMTI agents: none

dbghelp: loaded successfully - version: 4.0.5 - missing functions: none
symbol engine: initialized successfully - sym options: 0x614 - pdb path: .;D:\develop\mandrel-java21-23.1.8.0-Final\bin;C:\WINDOWS\SYSTEM32;C:\WINDOWS\WinSxS\amd64_microsoft.windows.common-controls_6595b64144ccf1df_6.0.26100.4484_none_3e0e6d4ce32ef3b3;D:\develop\mandrel-java21-23.1.8.0-Final\bin\server

VM Arguments:
jvm_args: -Dclassworlds.conf=D:\develop\apache-maven-3.9.11\bin\m2.conf -Dmaven.home=D:\develop\apache-maven-3.9.11 -Dlibrary.jansi.path=D:\develop\apache-maven-3.9.11\lib\jansi-native -Dmaven.multiModuleProjectDirectory=D:\code\lpc-pet-project 
java_command: org.codehaus.plexus.classworlds.launcher.Launcher clean install
java_class_path (initial): D:\develop\apache-maven-3.9.11\boot\plexus-classworlds-2.9.0.jar
Launcher Type: SUN_STANDARD

[Global flags]
     intx CICompilerCount                          = 4                                         {product} {ergonomic}
     uint ConcGCThreads                            = 3                                         {product} {ergonomic}
     uint G1ConcRefinementThreads                  = 10                                        {product} {ergonomic}
   size_t G1HeapRegionSize                         = 2097152                                   {product} {ergonomic}
    uintx GCDrainStackTargetSize                   = 64                                        {product} {ergonomic}
   size_t InitialHeapSize                          = 230686720                                 {product} {ergonomic}
   size_t MarkStackSize                            = 4194304                                   {product} {ergonomic}
   size_t MaxHeapSize                              = 3676307456                                {product} {ergonomic}
   size_t MinHeapDeltaBytes                        = 2097152                                   {product} {ergonomic}
   size_t MinHeapSize                              = 8388608                                   {product} {ergonomic}
    uintx NonNMethodCodeHeapSize                   = 5839372                                {pd product} {ergonomic}
    uintx NonProfiledCodeHeapSize                  = 122909434                              {pd product} {ergonomic}
    uintx ProfiledCodeHeapSize                     = 122909434                              {pd product} {ergonomic}
    uintx ReservedCodeCacheSize                    = 251658240                              {pd product} {ergonomic}
     bool SegmentedCodeCache                       = true                                      {product} {ergonomic}
   size_t SoftMaxHeapSize                          = 3676307456                             {manageable} {ergonomic}
     bool UseCompressedOops                        = true                           {product lp64_product} {ergonomic}
     bool UseG1GC                                  = true                                      {product} {ergonomic}
     bool UseLargePagesIndividualAllocation        = false                                  {pd product} {ergonomic}

Logging:
Log output configuration:
 #0: stdout all=warning uptime,level,tags foldmultilines=false
 #1: stderr all=off uptime,level,tags foldmultilines=false

Environment Variables:
JAVA_HOME=D:\develop\mandrel-java21-23.1.8.0-Final
PATH=D:\Drivers\VMware\bin\;D:\develop\mandrel-java21-23.1.8.0-Final\bin;C:\Program Files\Common Files\Oracle\Java\javapath;C:\WINDOWS\system32;C:\WINDOWS;C:\WINDOWS\System32\Wbem;C:\WINDOWS\System32\WindowsPowerShell\v1.0\;C:\WINDOWS\System32\OpenSSH\;D:\develop\apache-maven-3.9.11\bin;D:\mysql\mysql-8.0.42-winx64\bin;C:\Program Files\dotnet\;C:\Users\25130\.jbang\bin;C:\Users\25130\AppData\Local\Microsoft\WindowsApps;D:\Microsoft VS Code\bin;D:\develop\DataGrip 2024.1.1\bin;D:\develop\mandrel-java21-23.1.8.0-Final\bin;;C:\Program Files\Docker\Docker\resources\bin;C:\ProgramData\chocolatey\bin;C:\Users\25130\.jbang\bin;C:\Users\25130\AppData\Local\Microsoft\WindowsApps;D:\Microsoft VS Code\bin;D:\develop\DataGrip 2024.1.1\bin;
USERNAME=25130
OS=Windows_NT
PROCESSOR_IDENTIFIER=AMD64 Family 25 Model 68 Stepping 1, AuthenticAMD
TMP=C:\Users\25130\AppData\Local\Temp
TEMP=C:\Users\25130\AppData\Local\Temp




Periodic native trim disabled

---------------  S Y S T E M  ---------------

OS:
 Windows 11 , 64 bit Build 26100 (10.0.26100.4484)
OS uptime: 3 days 1:52 hours
Hyper-V role detected

CPU: total 12 (initial active 12) (12 cores per cpu, 2 threads per core) family 25 model 68 stepping 1 microcode 0xa404101, cx8, cmov, fxsr, ht, mmx, 3dnowpref, sse, sse2, sse3, ssse3, sse4a, sse4.1, sse4.2, popcnt, lzcnt, tsc, tscinvbit, avx, avx2, aes, clmul, bmi1, bmi2, adx, sha, fma, vzeroupper, clflush, clflushopt, hv, rdtscp, rdpid, f16c, cet_ss
Processor Information for processor 0
  Max Mhz: 3301, Current Mhz: 2640, Mhz Limit: 3301
Processor Information for processor 1
  Max Mhz: 3301, Current Mhz: 3301, Mhz Limit: 3301
Processor Information for processor 2
  Max Mhz: 3301, Current Mhz: 2640, Mhz Limit: 3301
Processor Information for processor 3
  Max Mhz: 3301, Current Mhz: 3301, Mhz Limit: 3301
Processor Information for processor 4
  Max Mhz: 3301, Current Mhz: 3301, Mhz Limit: 3301
Processor Information for processor 5
  Max Mhz: 3301, Current Mhz: 2640, Mhz Limit: 3301
Processor Information for processor 6
  Max Mhz: 3301, Current Mhz: 2640, Mhz Limit: 3301
Processor Information for processor 7
  Max Mhz: 3301, Current Mhz: 2640, Mhz Limit: 3301
Processor Information for processor 8
  Max Mhz: 3301, Current Mhz: 3301, Mhz Limit: 3301
Processor Information for processor 9
  Max Mhz: 3301, Current Mhz: 2640, Mhz Limit: 3301
Processor Information for processor 10
  Max Mhz: 3301, Current Mhz: 3301, Mhz Limit: 3301
Processor Information for processor 11
  Max Mhz: 3301, Current Mhz: 2640, Mhz Limit: 3301

Memory: 4k page, system-wide physical 14020M (529M free)
TotalPageFile size 39621M (AvailPageFile size 51M)
current process WorkingSet (physical memory assigned to process): 13M, peak: 13M
current process commit charge ("private bytes"): 64M, peak: 284M

vm_info: OpenJDK 64-Bit Server VM (21.0.8+9-LTS) for windows-amd64 JRE (21.0.8+9-LTS), built on 2025-07-15T00:00:00Z by "admin" with MS VC++ 17.7 (VS2022)

END.
