#
# There is insufficient memory for the Java Runtime Environment to continue.
# Native memory allocation (malloc) failed to allocate 865376 bytes. Error detail: Chunk::new
# Possible reasons:
#   The system is out of physical RAM or swap space
#   This process is running with CompressedOops enabled, and the Java Heap may be blocking the growth of the native heap
# Possible solutions:
#   Reduce memory load on the system
#   Increase physical memory or swap space
#   Check if swap backing store is full
#   Decrease Java heap size (-Xmx/-Xms)
#   Decrease number of Java threads
#   Decrease Java thread stack sizes (-Xss)
#   Set larger code cache with -XX:ReservedCodeCacheSize=
#   JVM is running with Zero Based Compressed Oops mode in which the Java heap is
#     placed in the first 32GB address space. The Java Heap base address is the
#     maximum limit for the native heap growth. Please use -XX:HeapBaseMinAddress
#     to set the Java Heap base and to place the Java Heap above 32GB virtual address.
# This output file may be truncated or incomplete.
#
#  Out of Memory Error (arena.cpp:168), pid=25548, tid=18784
#
# JRE version: OpenJDK Runtime Environment Temurin-21.0.8+9 (21.0.8+9) (build 21.0.8+9-LTS)
# Java VM: OpenJDK 64-Bit Server VM Temurin-21.0.8+9 (21.0.8+9-LTS, mixed mode, sharing, tiered, compressed oops, compressed class ptrs, g1 gc, windows-amd64)
# No core dump will be written. Minidumps are not enabled by default on client versions of Windows
#

---------------  S U M M A R Y ------------

Command Line: C:\Users\25130\AppData\Local\Temp\surefire3424646620781822813\surefirebooter-20250808174913112_3.jar C:\Users\25130\AppData\Local\Temp\surefire3424646620781822813 2025-08-08T17-49-12_992-jvmRun1 surefire-20250808174913112_1tmp surefire_0-20250808174913112_2tmp

Host: AMD Ryzen 5 6600H with Radeon Graphics         , 12 cores, 13G,  Windows 11 , 64 bit Build 26100 (10.0.26100.4484)
Time: Fri Aug  8 17:49:32 2025 elapsed time: 18.155294 seconds (0d 0h 0m 18s)

---------------  T H R E A D  ---------------

Current thread (0x000001b48670cab0):  JavaThread "C2 CompilerThread0" daemon [_thread_in_native, id=18784, stack(0x00000061fab00000,0x00000061fac00000) (1024K)]


Current CompileTask:
C2:18155 2904       4       java.util.stream.StreamSpliterators$AbstractWrappingSpliterator::fillBuffer (64 bytes)

Stack: [0x00000061fab00000,0x00000061fac00000]
Native frames: (J=compiled Java code, j=interpreted, Vv=VM code, C=native code)
V  [jvm.dll+0x6d2449]
V  [jvm.dll+0x8ae341]
V  [jvm.dll+0x8b08be]
V  [jvm.dll+0x8b0fa3]
V  [jvm.dll+0x280c96]
V  [jvm.dll+0xc581d]
V  [jvm.dll+0xc5d53]
V  [jvm.dll+0x2f539d]
V  [jvm.dll+0x5fa00a]
V  [jvm.dll+0x252092]
V  [jvm.dll+0x24ab3f]
V  [jvm.dll+0x2483a4]
V  [jvm.dll+0x1c89ee]
V  [jvm.dll+0x257d4d]
V  [jvm.dll+0x2562ea]
V  [jvm.dll+0x3f2d16]
V  [jvm.dll+0x857e6b]
V  [jvm.dll+0x6d0b0d]
C  [ucrtbase.dll+0x37b0]
C  [KERNEL32.DLL+0x2e8d7]
C  [ntdll.dll+0x3c34c]


---------------  P R O C E S S  ---------------

Threads class SMR info:
_java_thread_list=0x000001b4cd332d20, length=18, elements={
0x000001b4e55d72a0, 0x000001b4866cea40, 0x000001b4866cf490, 0x000001b4866d1920,
0x000001b4866d4380, 0x000001b4866d5d50, 0x000001b4866e0590, 0x000001b48670cab0,
0x000001b486711a50, 0x000001b48686ac80, 0x000001b48686dac0, 0x000001b4868b55e0,
0x000001b4cc8d4250, 0x000001b4cc7fe020, 0x000001b4cca21020, 0x000001b4cd38f5d0,
0x000001b4cd5a7e80, 0x000001b4ce63dc50
}

Java Threads: ( => current thread )
  0x000001b4e55d72a0 JavaThread "main"                              [_thread_blocked, id=13952, stack(0x00000061f9d00000,0x00000061f9e00000) (1024K)]
  0x000001b4866cea40 JavaThread "Reference Handler"          daemon [_thread_blocked, id=18208, stack(0x00000061fa500000,0x00000061fa600000) (1024K)]
  0x000001b4866cf490 JavaThread "Finalizer"                  daemon [_thread_blocked, id=4864, stack(0x00000061fa600000,0x00000061fa700000) (1024K)]
  0x000001b4866d1920 JavaThread "Signal Dispatcher"          daemon [_thread_blocked, id=11352, stack(0x00000061fa700000,0x00000061fa800000) (1024K)]
  0x000001b4866d4380 JavaThread "Attach Listener"            daemon [_thread_blocked, id=17108, stack(0x00000061fa800000,0x00000061fa900000) (1024K)]
  0x000001b4866d5d50 JavaThread "Service Thread"             daemon [_thread_blocked, id=37072, stack(0x00000061fa900000,0x00000061faa00000) (1024K)]
  0x000001b4866e0590 JavaThread "Monitor Deflation Thread"   daemon [_thread_blocked, id=30520, stack(0x00000061faa00000,0x00000061fab00000) (1024K)]
=>0x000001b48670cab0 JavaThread "C2 CompilerThread0"         daemon [_thread_in_native, id=18784, stack(0x00000061fab00000,0x00000061fac00000) (1024K)]
  0x000001b486711a50 JavaThread "C1 CompilerThread0"         daemon [_thread_blocked, id=39684, stack(0x00000061fac00000,0x00000061fad00000) (1024K)]
  0x000001b48686ac80 JavaThread "Notification Thread"        daemon [_thread_blocked, id=34144, stack(0x00000061fad00000,0x00000061fae00000) (1024K)]
  0x000001b48686dac0 JavaThread "Common-Cleaner"             daemon [_thread_blocked, id=44536, stack(0x00000061fae00000,0x00000061faf00000) (1024K)]
  0x000001b4868b55e0 JavaThread "C2 CompilerThread1"         daemon [_thread_in_native, id=28000, stack(0x00000061faf00000,0x00000061fb000000) (1024K)]
  0x000001b4cc8d4250 JavaThread "surefire-forkedjvm-stream-flusher" daemon [_thread_blocked, id=2824, stack(0x00000061fb000000,0x00000061fb100000) (1024K)]
  0x000001b4cc7fe020 JavaThread "surefire-forkedjvm-command-thread" daemon [_thread_in_native, id=37716, stack(0x00000061fb100000,0x00000061fb200000) (1024K)]
  0x000001b4cca21020 JavaThread "Reference Reaper #1"        daemon [_thread_blocked, id=12356, stack(0x00000061fb200000,0x00000061fb300000) (1024K)]
  0x000001b4cd38f5d0 JavaThread "Quarkus hang detection timer thread"        [_thread_blocked, id=7456, stack(0x00000061fbc00000,0x00000061fbd00000) (1024K)]
  0x000001b4cd5a7e80 JavaThread "ForkJoinPool.commonPool-worker-1" daemon [_thread_blocked, id=23904, stack(0x00000061fbd00000,0x00000061fbe00000) (1024K)]
  0x000001b4ce63dc50 JavaThread "C2 CompilerThread2"         daemon [_thread_in_native, id=11908, stack(0x00000061fbe00000,0x00000061fbf00000) (1024K)]
Total: 18

Other Threads:
  0x000001b4866b4b60 VMThread "VM Thread"                           [id=21612, stack(0x00000061fa400000,0x00000061fa500000) (1024K)] _threads_hazard_ptr=0x000001b4cd332d20
  0x000001b4866a1910 WatcherThread "VM Periodic Task Thread"        [id=8788, stack(0x00000061fa300000,0x00000061fa400000) (1024K)]
  0x000001b4e5c48d30 WorkerThread "GC Thread#0"                     [id=32044, stack(0x00000061f9e00000,0x00000061f9f00000) (1024K)]
  0x000001b4cca97430 WorkerThread "GC Thread#1"                     [id=20492, stack(0x00000061fb300000,0x00000061fb400000) (1024K)]
  0x000001b4cca977d0 WorkerThread "GC Thread#2"                     [id=33764, stack(0x00000061fb400000,0x00000061fb500000) (1024K)]
  0x000001b4cca97b70 WorkerThread "GC Thread#3"                     [id=39944, stack(0x00000061fb500000,0x00000061fb600000) (1024K)]
  0x000001b4cca97f10 WorkerThread "GC Thread#4"                     [id=39664, stack(0x00000061fb600000,0x00000061fb700000) (1024K)]
  0x000001b4ccdd7db0 WorkerThread "GC Thread#5"                     [id=33600, stack(0x00000061fb700000,0x00000061fb800000) (1024K)]
  0x000001b4cca36890 WorkerThread "GC Thread#6"                     [id=34072, stack(0x00000061fb800000,0x00000061fb900000) (1024K)]
  0x000001b4ccf5ec80 WorkerThread "GC Thread#7"                     [id=40732, stack(0x00000061fb900000,0x00000061fba00000) (1024K)]
  0x000001b4cd3e3c00 WorkerThread "GC Thread#8"                     [id=20860, stack(0x00000061fba00000,0x00000061fbb00000) (1024K)]
  0x000001b4cd3aaa80 WorkerThread "GC Thread#9"                     [id=20436, stack(0x00000061fbb00000,0x00000061fbc00000) (1024K)]
  0x000001b4e5c59e50 ConcurrentGCThread "G1 Main Marker"            [id=1956, stack(0x00000061f9f00000,0x00000061fa000000) (1024K)]
  0x000001b4e5c5b5e0 WorkerThread "G1 Conc#0"                       [id=24628, stack(0x00000061fa000000,0x00000061fa100000) (1024K)]
  0x000001b4e5cae870 ConcurrentGCThread "G1 Refine#0"               [id=21560, stack(0x00000061fa100000,0x00000061fa200000) (1024K)]
  0x000001b4865765a0 ConcurrentGCThread "G1 Service"                [id=3220, stack(0x00000061fa200000,0x00000061fa300000) (1024K)]
Total: 16

Threads with active compile tasks:
C2 CompilerThread0  28236 2904       4       java.util.stream.StreamSpliterators$AbstractWrappingSpliterator::fillBuffer (64 bytes)
C1 CompilerThread0  28236 3045       2       java.util.regex.Matcher::matches (10 bytes)
C2 CompilerThread1  28236 2832       4       java.nio.file.FileTreeIterator::fetchNextIfNeeded (65 bytes)
C2 CompilerThread2  28236 2870   !   4       java.nio.file.FileTreeWalker::next (144 bytes)
Total: 4

VM state: synchronizing (normal execution)

VM Mutex/Monitor currently owned by a thread:  ([mutex/lock_event])
[0x00007ff8d9b85458] Threads_lock - owner thread: 0x000001b4866b4b60

Heap address: 0x0000000724e00000, size: 3506 MB, Compressed Oops mode: Zero based, Oop shift amount: 3

CDS archive(s) mapped at: [0x000001b487000000-0x000001b487c80000-0x000001b487c80000), size 13107200, SharedBaseAddress: 0x000001b487000000, ArchiveRelocationMode: 1.
Compressed class space mapped at: 0x000001b488000000-0x000001b4c8000000, reserved size: 1073741824
Narrow klass base: 0x000001b487000000, Narrow klass shift: 0, Narrow klass range: 0x100000000

GC Precious Log:
 CardTable entry size: 512
 Card Set container configuration: InlinePtr #cards 4 size 8 Array Of Cards #cards 16 size 48 Howl #buckets 8 coarsen threshold 3686 Howl Bitmap #cards 512 size 80 coarsen threshold 460 Card regions per heap region 1 cards per card region 4096
 CPUs: 12 total, 12 available
 Memory: 14020M
 Large Page Support: Disabled
 NUMA Support: Disabled
 Compressed Oops: Enabled (Zero based)
 Heap Region Size: 2M
 Heap Min Capacity: 8M
 Heap Initial Capacity: 220M
 Heap Max Capacity: 3506M
 Pre-touch: Disabled
 Parallel Workers: 10
 Concurrent Workers: 3
 Concurrent Refinement Workers: 10
 Periodic GC: Disabled

Heap:
 garbage-first heap   total 225280K, used 72447K [0x0000000724e00000, 0x0000000800000000)
  region size 2048K, 24 young (49152K), 3 survivors (6144K)
 Metaspace       used 14022K, committed 14336K, reserved 1114112K
  class space    used 1601K, committed 1728K, reserved 1048576K

Heap Regions: E=young(eden), S=young(survivor), O=old, HS=humongous(starts), HC=humongous(continues), CS=collection set, F=free, TAMS=top-at-mark-start, PB=parsable bottom
|   0|0x0000000724e00000, 0x0000000725000000, 0x0000000725000000|100%|HS|  |TAMS 0x0000000724e00000| PB 0x0000000724e00000| Complete 
|   1|0x0000000725000000, 0x0000000725200000, 0x0000000725200000|100%| O|  |TAMS 0x0000000725000000| PB 0x0000000725000000| Untracked 
|   2|0x0000000725200000, 0x0000000725400000, 0x0000000725400000|100%| O|  |TAMS 0x0000000725200000| PB 0x0000000725200000| Untracked 
|   3|0x0000000725400000, 0x0000000725600000, 0x0000000725600000|100%| O|  |TAMS 0x0000000725400000| PB 0x0000000725400000| Untracked 
|   4|0x0000000725600000, 0x0000000725800000, 0x0000000725800000|100%| O|  |TAMS 0x0000000725600000| PB 0x0000000725600000| Untracked 
|   5|0x0000000725800000, 0x0000000725a00000, 0x0000000725a00000|100%| O|  |TAMS 0x0000000725800000| PB 0x0000000725800000| Untracked 
|   6|0x0000000725a00000, 0x0000000725c00000, 0x0000000725c00000|100%| O|  |TAMS 0x0000000725a00000| PB 0x0000000725a00000| Untracked 
|   7|0x0000000725c00000, 0x0000000725e00000, 0x0000000725e00000|100%| O|  |TAMS 0x0000000725c00000| PB 0x0000000725c00000| Untracked 
|   8|0x0000000725e00000, 0x0000000726000000, 0x0000000726000000|100%| O|  |TAMS 0x0000000725e00000| PB 0x0000000725e00000| Untracked 
|   9|0x0000000726000000, 0x0000000726200000, 0x0000000726200000|100%| O|  |TAMS 0x0000000726000000| PB 0x0000000726000000| Untracked 
|  10|0x0000000726200000, 0x0000000726400000, 0x0000000726400000|100%| O|  |TAMS 0x0000000726200000| PB 0x0000000726200000| Untracked 
|  11|0x0000000726400000, 0x0000000726600000, 0x0000000726600000|100%| O|  |TAMS 0x0000000726400000| PB 0x0000000726400000| Untracked 
|  12|0x0000000726600000, 0x00000007266bfc40, 0x0000000726800000| 37%| O|  |TAMS 0x0000000726600000| PB 0x0000000726600000| Untracked 
|  13|0x0000000726800000, 0x0000000726800000, 0x0000000726a00000|  0%| F|  |TAMS 0x0000000726800000| PB 0x0000000726800000| Untracked 
|  14|0x0000000726a00000, 0x0000000726a00000, 0x0000000726c00000|  0%| F|  |TAMS 0x0000000726a00000| PB 0x0000000726a00000| Untracked 
|  15|0x0000000726c00000, 0x0000000726c00000, 0x0000000726e00000|  0%| F|  |TAMS 0x0000000726c00000| PB 0x0000000726c00000| Untracked 
|  16|0x0000000726e00000, 0x0000000726e00000, 0x0000000727000000|  0%| F|  |TAMS 0x0000000726e00000| PB 0x0000000726e00000| Untracked 
|  17|0x0000000727000000, 0x0000000727000000, 0x0000000727200000|  0%| F|  |TAMS 0x0000000727000000| PB 0x0000000727000000| Untracked 
|  18|0x0000000727200000, 0x0000000727200000, 0x0000000727400000|  0%| F|  |TAMS 0x0000000727200000| PB 0x0000000727200000| Untracked 
|  19|0x0000000727400000, 0x0000000727400000, 0x0000000727600000|  0%| F|  |TAMS 0x0000000727400000| PB 0x0000000727400000| Untracked 
|  20|0x0000000727600000, 0x0000000727600000, 0x0000000727800000|  0%| F|  |TAMS 0x0000000727600000| PB 0x0000000727600000| Untracked 
|  21|0x0000000727800000, 0x0000000727800000, 0x0000000727a00000|  0%| F|  |TAMS 0x0000000727800000| PB 0x0000000727800000| Untracked 
|  22|0x0000000727a00000, 0x0000000727a00000, 0x0000000727c00000|  0%| F|  |TAMS 0x0000000727a00000| PB 0x0000000727a00000| Untracked 
|  23|0x0000000727c00000, 0x0000000727c00000, 0x0000000727e00000|  0%| F|  |TAMS 0x0000000727c00000| PB 0x0000000727c00000| Untracked 
|  24|0x0000000727e00000, 0x0000000727e00000, 0x0000000728000000|  0%| F|  |TAMS 0x0000000727e00000| PB 0x0000000727e00000| Untracked 
|  25|0x0000000728000000, 0x0000000728000000, 0x0000000728200000|  0%| F|  |TAMS 0x0000000728000000| PB 0x0000000728000000| Untracked 
|  26|0x0000000728200000, 0x0000000728200000, 0x0000000728400000|  0%| F|  |TAMS 0x0000000728200000| PB 0x0000000728200000| Untracked 
|  27|0x0000000728400000, 0x0000000728400000, 0x0000000728600000|  0%| F|  |TAMS 0x0000000728400000| PB 0x0000000728400000| Untracked 
|  28|0x0000000728600000, 0x0000000728600000, 0x0000000728800000|  0%| F|  |TAMS 0x0000000728600000| PB 0x0000000728600000| Untracked 
|  29|0x0000000728800000, 0x0000000728800000, 0x0000000728a00000|  0%| F|  |TAMS 0x0000000728800000| PB 0x0000000728800000| Untracked 
|  30|0x0000000728a00000, 0x0000000728a00000, 0x0000000728c00000|  0%| F|  |TAMS 0x0000000728a00000| PB 0x0000000728a00000| Untracked 
|  31|0x0000000728c00000, 0x0000000728c00000, 0x0000000728e00000|  0%| F|  |TAMS 0x0000000728c00000| PB 0x0000000728c00000| Untracked 
|  32|0x0000000728e00000, 0x0000000728e00000, 0x0000000729000000|  0%| F|  |TAMS 0x0000000728e00000| PB 0x0000000728e00000| Untracked 
|  33|0x0000000729000000, 0x0000000729000000, 0x0000000729200000|  0%| F|  |TAMS 0x0000000729000000| PB 0x0000000729000000| Untracked 
|  34|0x0000000729200000, 0x0000000729200000, 0x0000000729400000|  0%| F|  |TAMS 0x0000000729200000| PB 0x0000000729200000| Untracked 
|  35|0x0000000729400000, 0x0000000729400000, 0x0000000729600000|  0%| F|  |TAMS 0x0000000729400000| PB 0x0000000729400000| Untracked 
|  36|0x0000000729600000, 0x0000000729600000, 0x0000000729800000|  0%| F|  |TAMS 0x0000000729600000| PB 0x0000000729600000| Untracked 
|  37|0x0000000729800000, 0x0000000729800000, 0x0000000729a00000|  0%| F|  |TAMS 0x0000000729800000| PB 0x0000000729800000| Untracked 
|  38|0x0000000729a00000, 0x0000000729a00000, 0x0000000729c00000|  0%| F|  |TAMS 0x0000000729a00000| PB 0x0000000729a00000| Untracked 
|  39|0x0000000729c00000, 0x0000000729c00000, 0x0000000729e00000|  0%| F|  |TAMS 0x0000000729c00000| PB 0x0000000729c00000| Untracked 
|  40|0x0000000729e00000, 0x0000000729e00000, 0x000000072a000000|  0%| F|  |TAMS 0x0000000729e00000| PB 0x0000000729e00000| Untracked 
|  41|0x000000072a000000, 0x000000072a000000, 0x000000072a200000|  0%| F|  |TAMS 0x000000072a000000| PB 0x000000072a000000| Untracked 
|  42|0x000000072a200000, 0x000000072a200000, 0x000000072a400000|  0%| F|  |TAMS 0x000000072a200000| PB 0x000000072a200000| Untracked 
|  43|0x000000072a400000, 0x000000072a400000, 0x000000072a600000|  0%| F|  |TAMS 0x000000072a400000| PB 0x000000072a400000| Untracked 
|  44|0x000000072a600000, 0x000000072a600000, 0x000000072a800000|  0%| F|  |TAMS 0x000000072a600000| PB 0x000000072a600000| Untracked 
|  45|0x000000072a800000, 0x000000072a800000, 0x000000072aa00000|  0%| F|  |TAMS 0x000000072a800000| PB 0x000000072a800000| Untracked 
|  46|0x000000072aa00000, 0x000000072aa00000, 0x000000072ac00000|  0%| F|  |TAMS 0x000000072aa00000| PB 0x000000072aa00000| Untracked 
|  47|0x000000072ac00000, 0x000000072ac00000, 0x000000072ae00000|  0%| F|  |TAMS 0x000000072ac00000| PB 0x000000072ac00000| Untracked 
|  48|0x000000072ae00000, 0x000000072ae00000, 0x000000072b000000|  0%| F|  |TAMS 0x000000072ae00000| PB 0x000000072ae00000| Untracked 
|  49|0x000000072b000000, 0x000000072b000000, 0x000000072b200000|  0%| F|  |TAMS 0x000000072b000000| PB 0x000000072b000000| Untracked 
|  50|0x000000072b200000, 0x000000072b200000, 0x000000072b400000|  0%| F|  |TAMS 0x000000072b200000| PB 0x000000072b200000| Untracked 
|  51|0x000000072b400000, 0x000000072b400000, 0x000000072b600000|  0%| F|  |TAMS 0x000000072b400000| PB 0x000000072b400000| Untracked 
|  52|0x000000072b600000, 0x000000072b600000, 0x000000072b800000|  0%| F|  |TAMS 0x000000072b600000| PB 0x000000072b600000| Untracked 
|  53|0x000000072b800000, 0x000000072b800000, 0x000000072ba00000|  0%| F|  |TAMS 0x000000072b800000| PB 0x000000072b800000| Untracked 
|  54|0x000000072ba00000, 0x000000072ba00000, 0x000000072bc00000|  0%| F|  |TAMS 0x000000072ba00000| PB 0x000000072ba00000| Untracked 
|  55|0x000000072bc00000, 0x000000072bc00000, 0x000000072be00000|  0%| F|  |TAMS 0x000000072bc00000| PB 0x000000072bc00000| Untracked 
|  56|0x000000072be00000, 0x000000072be00000, 0x000000072c000000|  0%| F|  |TAMS 0x000000072be00000| PB 0x000000072be00000| Untracked 
|  57|0x000000072c000000, 0x000000072c000000, 0x000000072c200000|  0%| F|  |TAMS 0x000000072c000000| PB 0x000000072c000000| Untracked 
|  58|0x000000072c200000, 0x000000072c200000, 0x000000072c400000|  0%| F|  |TAMS 0x000000072c200000| PB 0x000000072c200000| Untracked 
|  59|0x000000072c400000, 0x000000072c400000, 0x000000072c600000|  0%| F|  |TAMS 0x000000072c400000| PB 0x000000072c400000| Untracked 
|  60|0x000000072c600000, 0x000000072c600000, 0x000000072c800000|  0%| F|  |TAMS 0x000000072c600000| PB 0x000000072c600000| Untracked 
|  61|0x000000072c800000, 0x000000072c800000, 0x000000072ca00000|  0%| F|  |TAMS 0x000000072c800000| PB 0x000000072c800000| Untracked 
|  62|0x000000072ca00000, 0x000000072ca00000, 0x000000072cc00000|  0%| F|  |TAMS 0x000000072ca00000| PB 0x000000072ca00000| Untracked 
|  63|0x000000072cc00000, 0x000000072cc00000, 0x000000072ce00000|  0%| F|  |TAMS 0x000000072cc00000| PB 0x000000072cc00000| Untracked 
|  64|0x000000072ce00000, 0x000000072ce00000, 0x000000072d000000|  0%| F|  |TAMS 0x000000072ce00000| PB 0x000000072ce00000| Untracked 
|  65|0x000000072d000000, 0x000000072d000000, 0x000000072d200000|  0%| F|  |TAMS 0x000000072d000000| PB 0x000000072d000000| Untracked 
|  66|0x000000072d200000, 0x000000072d200000, 0x000000072d400000|  0%| F|  |TAMS 0x000000072d200000| PB 0x000000072d200000| Untracked 
|  67|0x000000072d400000, 0x000000072d400000, 0x000000072d600000|  0%| F|  |TAMS 0x000000072d400000| PB 0x000000072d400000| Untracked 
|  68|0x000000072d600000, 0x000000072d600000, 0x000000072d800000|  0%| F|  |TAMS 0x000000072d600000| PB 0x000000072d600000| Untracked 
|  69|0x000000072d800000, 0x000000072d800000, 0x000000072da00000|  0%| F|  |TAMS 0x000000072d800000| PB 0x000000072d800000| Untracked 
|  70|0x000000072da00000, 0x000000072da00000, 0x000000072dc00000|  0%| F|  |TAMS 0x000000072da00000| PB 0x000000072da00000| Untracked 
|  71|0x000000072dc00000, 0x000000072dc00000, 0x000000072de00000|  0%| F|  |TAMS 0x000000072dc00000| PB 0x000000072dc00000| Untracked 
|  72|0x000000072de00000, 0x000000072de00000, 0x000000072e000000|  0%| F|  |TAMS 0x000000072de00000| PB 0x000000072de00000| Untracked 
|  73|0x000000072e000000, 0x000000072e000000, 0x000000072e200000|  0%| F|  |TAMS 0x000000072e000000| PB 0x000000072e000000| Untracked 
|  74|0x000000072e200000, 0x000000072e200000, 0x000000072e400000|  0%| F|  |TAMS 0x000000072e200000| PB 0x000000072e200000| Untracked 
|  75|0x000000072e400000, 0x000000072e400000, 0x000000072e600000|  0%| F|  |TAMS 0x000000072e400000| PB 0x000000072e400000| Untracked 
|  76|0x000000072e600000, 0x000000072e600000, 0x000000072e800000|  0%| F|  |TAMS 0x000000072e600000| PB 0x000000072e600000| Untracked 
|  77|0x000000072e800000, 0x000000072e800000, 0x000000072ea00000|  0%| F|  |TAMS 0x000000072e800000| PB 0x000000072e800000| Untracked 
|  78|0x000000072ea00000, 0x000000072ea00000, 0x000000072ec00000|  0%| F|  |TAMS 0x000000072ea00000| PB 0x000000072ea00000| Untracked 
|  79|0x000000072ec00000, 0x000000072ec00000, 0x000000072ee00000|  0%| F|  |TAMS 0x000000072ec00000| PB 0x000000072ec00000| Untracked 
|  80|0x000000072ee00000, 0x000000072ee00000, 0x000000072f000000|  0%| F|  |TAMS 0x000000072ee00000| PB 0x000000072ee00000| Untracked 
|  81|0x000000072f000000, 0x000000072f000000, 0x000000072f200000|  0%| F|  |TAMS 0x000000072f000000| PB 0x000000072f000000| Untracked 
|  82|0x000000072f200000, 0x000000072f200000, 0x000000072f400000|  0%| F|  |TAMS 0x000000072f200000| PB 0x000000072f200000| Untracked 
|  83|0x000000072f400000, 0x000000072f600000, 0x000000072f600000|100%| S|CS|TAMS 0x000000072f400000| PB 0x000000072f400000| Complete 
|  84|0x000000072f600000, 0x000000072f800000, 0x000000072f800000|100%| S|CS|TAMS 0x000000072f600000| PB 0x000000072f600000| Complete 
|  85|0x000000072f800000, 0x000000072fa00000, 0x000000072fa00000|100%| S|CS|TAMS 0x000000072f800000| PB 0x000000072f800000| Complete 
|  86|0x000000072fa00000, 0x000000072fa00000, 0x000000072fc00000|  0%| F|  |TAMS 0x000000072fa00000| PB 0x000000072fa00000| Untracked 
|  87|0x000000072fc00000, 0x000000072fc00000, 0x000000072fe00000|  0%| F|  |TAMS 0x000000072fc00000| PB 0x000000072fc00000| Untracked 
|  88|0x000000072fe00000, 0x000000072fe00000, 0x0000000730000000|  0%| F|  |TAMS 0x000000072fe00000| PB 0x000000072fe00000| Untracked 
|  89|0x0000000730000000, 0x00000007300cd9f0, 0x0000000730200000| 40%| E|  |TAMS 0x0000000730000000| PB 0x0000000730000000| Complete 
|  90|0x0000000730200000, 0x0000000730400000, 0x0000000730400000|100%| E|CS|TAMS 0x0000000730200000| PB 0x0000000730200000| Complete 
|  91|0x0000000730400000, 0x0000000730600000, 0x0000000730600000|100%| E|CS|TAMS 0x0000000730400000| PB 0x0000000730400000| Complete 
|  92|0x0000000730600000, 0x0000000730800000, 0x0000000730800000|100%| E|CS|TAMS 0x0000000730600000| PB 0x0000000730600000| Complete 
|  93|0x0000000730800000, 0x0000000730a00000, 0x0000000730a00000|100%| E|CS|TAMS 0x0000000730800000| PB 0x0000000730800000| Complete 
|  94|0x0000000730a00000, 0x0000000730c00000, 0x0000000730c00000|100%| E|CS|TAMS 0x0000000730a00000| PB 0x0000000730a00000| Complete 
|  95|0x0000000730c00000, 0x0000000730e00000, 0x0000000730e00000|100%| E|CS|TAMS 0x0000000730c00000| PB 0x0000000730c00000| Complete 
|  96|0x0000000730e00000, 0x0000000731000000, 0x0000000731000000|100%| E|CS|TAMS 0x0000000730e00000| PB 0x0000000730e00000| Complete 
|  97|0x0000000731000000, 0x0000000731200000, 0x0000000731200000|100%| E|CS|TAMS 0x0000000731000000| PB 0x0000000731000000| Complete 
|  98|0x0000000731200000, 0x0000000731400000, 0x0000000731400000|100%| E|CS|TAMS 0x0000000731200000| PB 0x0000000731200000| Complete 
|  99|0x0000000731400000, 0x0000000731600000, 0x0000000731600000|100%| E|CS|TAMS 0x0000000731400000| PB 0x0000000731400000| Complete 
| 100|0x0000000731600000, 0x0000000731800000, 0x0000000731800000|100%| E|CS|TAMS 0x0000000731600000| PB 0x0000000731600000| Complete 
| 101|0x0000000731800000, 0x0000000731a00000, 0x0000000731a00000|100%| E|CS|TAMS 0x0000000731800000| PB 0x0000000731800000| Complete 
| 102|0x0000000731a00000, 0x0000000731c00000, 0x0000000731c00000|100%| E|CS|TAMS 0x0000000731a00000| PB 0x0000000731a00000| Complete 
| 103|0x0000000731c00000, 0x0000000731e00000, 0x0000000731e00000|100%| E|CS|TAMS 0x0000000731c00000| PB 0x0000000731c00000| Complete 
| 104|0x0000000731e00000, 0x0000000732000000, 0x0000000732000000|100%| E|CS|TAMS 0x0000000731e00000| PB 0x0000000731e00000| Complete 
| 105|0x0000000732000000, 0x0000000732200000, 0x0000000732200000|100%| E|CS|TAMS 0x0000000732000000| PB 0x0000000732000000| Complete 
| 106|0x0000000732200000, 0x0000000732400000, 0x0000000732400000|100%| E|CS|TAMS 0x0000000732200000| PB 0x0000000732200000| Complete 
| 107|0x0000000732400000, 0x0000000732600000, 0x0000000732600000|100%| E|CS|TAMS 0x0000000732400000| PB 0x0000000732400000| Complete 
| 108|0x0000000732600000, 0x0000000732800000, 0x0000000732800000|100%| E|CS|TAMS 0x0000000732600000| PB 0x0000000732600000| Complete 
| 109|0x0000000732800000, 0x0000000732a00000, 0x0000000732a00000|100%| E|CS|TAMS 0x0000000732800000| PB 0x0000000732800000| Complete 

Card table byte_map: [0x000001b480000000,0x000001b4806e0000] _byte_map_base: 0x000001b47c6d9000

Marking Bits: (CMBitMap*) 0x000001b4e5c49a50
 Bits: [0x000001b4806e0000, 0x000001b483da8000)

Polling page: 0x000001b4e5940000

Metaspace:

Usage:
  Non-class:     12.13 MB used.
      Class:      1.56 MB used.
       Both:     13.69 MB used.

Virtual space:
  Non-class space:       64.00 MB reserved,      12.31 MB ( 19%) committed,  1 nodes.
      Class space:        1.00 GB reserved,       1.69 MB ( <1%) committed,  1 nodes.
             Both:        1.06 GB reserved,      14.00 MB (  1%) committed. 

Chunk freelists:
   Non-Class:  3.45 MB
       Class:  14.13 MB
        Both:  17.58 MB

MaxMetaspaceSize: unlimited
CompressedClassSpaceSize: 1.00 GB
Initial GC threshold: 21.00 MB
Current GC threshold: 21.00 MB
CDS: on
 - commit_granule_bytes: 65536.
 - commit_granule_words: 8192.
 - virtual_space_node_default_size: 8388608.
 - enlarge_chunks_in_place: 1.
 - use_allocation_guard: 0.


Internal statistics:

num_allocs_failed_limit: 0.
num_arena_births: 268.
num_arena_deaths: 0.
num_vsnodes_births: 2.
num_vsnodes_deaths: 0.
num_space_committed: 224.
num_space_uncommitted: 0.
num_chunks_returned_to_freelist: 0.
num_chunks_taken_from_freelist: 749.
num_chunk_merges: 0.
num_chunk_splits: 432.
num_chunks_enlarged: 273.
num_inconsistent_stats: 0.

CodeHeap 'non-profiled nmethods': size=120000Kb used=1422Kb max_used=1422Kb free=118577Kb
 bounds [0x000001b4f73b0000, 0x000001b4f7620000, 0x000001b4fe8e0000]
CodeHeap 'profiled nmethods': size=120000Kb used=5732Kb max_used=5732Kb free=114267Kb
 bounds [0x000001b4ef8e0000, 0x000001b4efe80000, 0x000001b4f6e10000]
CodeHeap 'non-nmethods': size=5760Kb used=1410Kb max_used=1461Kb free=4350Kb
 bounds [0x000001b4f6e10000, 0x000001b4f7080000, 0x000001b4f73b0000]
CodeCache: size=245760Kb, used=8564Kb, max_used=8615Kb, free=237194Kb
 total_blobs=3486, nmethods=2981, adapters=409, full_count=0
Compilation: enabled, stopped_count=0, restarted_count=0

Compilation events (20 events):
Event: 8.089 Thread 0x000001b486711a50 2986       2       java.util.ImmutableCollections$MapN$MapNIterator::hasNext (13 bytes)
Event: 8.089 Thread 0x000001b486711a50 nmethod 2986 0x000001b4efe66d90 code [0x000001b4efe66f20, 0x000001b4efe67038]
Event: 8.426 Thread 0x000001b486711a50 2990       2       java.util.concurrent.ThreadPoolExecutor::runStateAtLeast (11 bytes)
Event: 8.426 Thread 0x000001b486711a50 nmethod 2990 0x000001b4efe67110 code [0x000001b4efe672a0, 0x000001b4efe67398]
Event: 9.094 Thread 0x000001b486711a50 2994       2       java.util.jar.Attributes::<init> (7 bytes)
Event: 9.095 Thread 0x000001b486711a50 nmethod 2994 0x000001b4efe67410 code [0x000001b4efe675c0, 0x000001b4efe67740]
Event: 9.095 Thread 0x000001b486711a50 2995       2       java.util.jar.Attributes::<init> (13 bytes)
Event: 9.095 Thread 0x000001b486711a50 nmethod 2995 0x000001b4efe67810 code [0x000001b4efe679c0, 0x000001b4efe67b40]
Event: 9.095 Thread 0x000001b486711a50 2996       2       java.util.jar.Manifest$FastInputStream::<init> (9 bytes)
Event: 9.095 Thread 0x000001b486711a50 nmethod 2996 0x000001b4efe67c10 code [0x000001b4efe67dc0, 0x000001b4efe68040]
Event: 9.095 Thread 0x000001b486711a50 2997       2       io.quarkus.paths.ManifestAttributes::<init> (106 bytes)
Event: 14.139 Thread 0x000001b486711a50 nmethod 2997 0x000001b4efe68110 code [0x000001b4efe68380, 0x000001b4efe68b18]
Event: 14.139 Thread 0x000001b486711a50 2998       2       java.util.concurrent.ThreadPoolExecutor::isShutdown (12 bytes)
Event: 14.139 Thread 0x000001b486711a50 nmethod 2998 0x000001b4efe68e90 code [0x000001b4efe69020, 0x000001b4efe69148]
Event: 14.139 Thread 0x000001b486711a50 2999       2       java.util.concurrent.locks.ReentrantLock$NonfairSync::tryAcquire (27 bytes)
Event: 14.139 Thread 0x000001b486711a50 nmethod 2999 0x000001b4efe69210 code [0x000001b4efe693c0, 0x000001b4efe695a0]
Event: 14.891 Thread 0x000001b486711a50 3001       2       java.nio.ByteBuffer::array (35 bytes)
Event: 18.151 Thread 0x000001b486711a50 nmethod 3001 0x000001b4efe69690 code [0x000001b4efe69860, 0x000001b4efe69ab0]
Event: 18.151 Thread 0x000001b486711a50 3002       2       jdk.internal.misc.Unsafe::putReferenceOpaque (9 bytes)
Event: 18.152 Thread 0x000001b486711a50 nmethod 3002 0x000001b4efe69c10 code [0x000001b4efe69da0, 0x000001b4efe69f00]

GC Heap History (6 events):
Event: 0.500 GC heap before
{Heap before GC invocations=0 (full 0):
 garbage-first heap   total 225280K, used 24576K [0x0000000724e00000, 0x0000000800000000)
  region size 2048K, 11 young (22528K), 0 survivors (0K)
 Metaspace       used 3639K, committed 3840K, reserved 1114112K
  class space    used 352K, committed 448K, reserved 1048576K
}
Event: 0.505 GC heap after
{Heap after GC invocations=1 (full 0):
 garbage-first heap   total 225280K, used 12018K [0x0000000724e00000, 0x0000000800000000)
  region size 2048K, 2 young (4096K), 2 survivors (4096K)
 Metaspace       used 3639K, committed 3840K, reserved 1114112K
  class space    used 352K, committed 448K, reserved 1048576K
}
Event: 0.873 GC heap before
{Heap before GC invocations=1 (full 0):
 garbage-first heap   total 225280K, used 28402K [0x0000000724e00000, 0x0000000800000000)
  region size 2048K, 10 young (20480K), 2 survivors (4096K)
 Metaspace       used 8129K, committed 8384K, reserved 1114112K
  class space    used 920K, committed 1024K, reserved 1048576K
}
Event: 0.877 GC heap after
{Heap after GC invocations=2 (full 0):
 garbage-first heap   total 225280K, used 13489K [0x0000000724e00000, 0x0000000800000000)
  region size 2048K, 1 young (2048K), 1 survivors (2048K)
 Metaspace       used 8129K, committed 8384K, reserved 1114112K
  class space    used 920K, committed 1024K, reserved 1048576K
}
Event: 1.938 GC heap before
{Heap before GC invocations=2 (full 0):
 garbage-first heap   total 225280K, used 60593K [0x0000000724e00000, 0x0000000800000000)
  region size 2048K, 24 young (49152K), 1 survivors (2048K)
 Metaspace       used 13963K, committed 14272K, reserved 1114112K
  class space    used 1601K, committed 1728K, reserved 1048576K
}
Event: 1.947 GC heap after
{Heap after GC invocations=3 (full 0):
 garbage-first heap   total 225280K, used 31487K [0x0000000724e00000, 0x0000000800000000)
  region size 2048K, 3 young (6144K), 3 survivors (6144K)
 Metaspace       used 13963K, committed 14272K, reserved 1114112K
  class space    used 1601K, committed 1728K, reserved 1048576K
}

Dll operation events (9 events):
Event: 0.009 Loaded shared library D:\develop\mandrel-java21-23.1.8.0-Final\bin\java.dll
Event: 0.047 Loaded shared library D:\develop\mandrel-java21-23.1.8.0-Final\bin\jsvml.dll
Event: 0.060 Loaded shared library D:\develop\mandrel-java21-23.1.8.0-Final\bin\net.dll
Event: 0.062 Loaded shared library D:\develop\mandrel-java21-23.1.8.0-Final\bin\nio.dll
Event: 0.065 Loaded shared library D:\develop\mandrel-java21-23.1.8.0-Final\bin\zip.dll
Event: 0.112 Loaded shared library D:\develop\mandrel-java21-23.1.8.0-Final\bin\management.dll
Event: 0.120 Loaded shared library D:\develop\mandrel-java21-23.1.8.0-Final\bin\management_ext.dll
Event: 0.141 Loaded shared library D:\develop\mandrel-java21-23.1.8.0-Final\bin\jimage.dll
Event: 0.573 Loaded shared library D:\develop\mandrel-java21-23.1.8.0-Final\bin\verify.dll

Deoptimization events (20 events):
Event: 8.088 Thread 0x000001b4e55d72a0 DEOPT PACKING pc=0x000001b4efdbda7f sp=0x00000061f9dfd4f0
Event: 8.088 Thread 0x000001b4e55d72a0 DEOPT UNPACKING pc=0x000001b4f6e64e42 sp=0x00000061f9dfc968 mode 0
Event: 8.090 Thread 0x000001b4e55d72a0 DEOPT PACKING pc=0x000001b4efe51c5a sp=0x00000061f9dfd0e0
Event: 8.090 Thread 0x000001b4e55d72a0 DEOPT UNPACKING pc=0x000001b4f6e64e42 sp=0x00000061f9dfc570 mode 0
Event: 9.093 Thread 0x000001b4e55d72a0 DEOPT PACKING pc=0x000001b4efe51c5a sp=0x00000061f9dfd0e0
Event: 9.093 Thread 0x000001b4e55d72a0 DEOPT UNPACKING pc=0x000001b4f6e64e42 sp=0x00000061f9dfc570 mode 0
Event: 9.095 Thread 0x000001b4e55d72a0 DEOPT PACKING pc=0x000001b4efe51c5a sp=0x00000061f9dfd0e0
Event: 9.095 Thread 0x000001b4e55d72a0 DEOPT UNPACKING pc=0x000001b4f6e64e42 sp=0x00000061f9dfc570 mode 0
Event: 9.095 Thread 0x000001b4e55d72a0 DEOPT PACKING pc=0x000001b4efe51c5a sp=0x00000061f9dfd0e0
Event: 9.095 Thread 0x000001b4e55d72a0 DEOPT UNPACKING pc=0x000001b4f6e64e42 sp=0x00000061f9dfc570 mode 0
Event: 10.104 Thread 0x000001b4cc7fe020 Uncommon trap: trap_request=0xffffffde fr.pc=0x000001b4f74f2ccc relative=0x00000000000004cc
Event: 11.107 Thread 0x000001b4e55d72a0 DEOPT PACKING pc=0x000001b4efe51c5a sp=0x00000061f9dfd0e0
Event: 11.107 Thread 0x000001b4e55d72a0 DEOPT UNPACKING pc=0x000001b4f6e64e42 sp=0x00000061f9dfc570 mode 0
Event: 12.114 Thread 0x000001b4cc7fe020 Uncommon trap: reason=class_check action=maybe_recompile pc=0x000001b4f74f2ccc method=java.io.BufferedInputStream.read1([BII)I @ 52 c2
Event: 14.138 Thread 0x000001b4cc7fe020 DEOPT PACKING pc=0x000001b4f74f2ccc sp=0x00000061fb1fe850
Event: 14.138 Thread 0x000001b4cc7fe020 DEOPT UNPACKING pc=0x000001b4f6e646a2 sp=0x00000061fb1fe7e8 mode 2
Event: 18.151 Thread 0x000001b4e55d72a0 DEOPT PACKING pc=0x000001b4efe51c5a sp=0x00000061f9dfd0e0
Event: 18.151 Thread 0x000001b4e55d72a0 DEOPT UNPACKING pc=0x000001b4f6e64e42 sp=0x00000061f9dfc570 mode 0
Event: 18.152 Thread 0x000001b4e55d72a0 DEOPT PACKING pc=0x000001b4efe51c5a sp=0x00000061f9dfd0e0
Event: 18.152 Thread 0x000001b4e55d72a0 DEOPT UNPACKING pc=0x000001b4f6e64e42 sp=0x00000061f9dfc570 mode 0

Classes loaded (20 events):
Event: 1.510 Loading class sun/nio/ch/Interruptible done
Event: 1.510 Loading class java/nio/channels/spi/AbstractInterruptibleChannel$1 done
Event: 1.876 Loading class java/util/regex/PatternSyntaxException
Event: 1.876 Loading class java/util/regex/PatternSyntaxException done
Event: 1.876 Loading class java/time/zone/ZoneRulesProvider
Event: 1.877 Loading class java/time/zone/ZoneRulesProvider done
Event: 1.877 Loading class java/time/zone/ZoneRulesProvider$1
Event: 1.877 Loading class java/time/zone/ZoneRulesProvider$1 done
Event: 1.877 Loading class java/time/zone/TzdbZoneRulesProvider
Event: 1.877 Loading class java/time/zone/TzdbZoneRulesProvider done
Event: 1.880 Loading class java/time/zone/Ser
Event: 1.880 Loading class java/time/zone/Ser done
Event: 1.881 Loading class java/time/zone/ZoneOffsetTransition
Event: 1.881 Loading class java/time/zone/ZoneOffsetTransition done
Event: 1.882 Loading class java/nio/file/FileTreeIterator
Event: 1.882 Loading class java/nio/file/FileTreeIterator done
Event: 1.882 Loading class java/nio/file/ClosedDirectoryStreamException
Event: 1.882 Loading class java/nio/file/ClosedDirectoryStreamException done
Event: 1.882 Loading class java/nio/file/DirectoryIteratorException
Event: 1.882 Loading class java/nio/file/DirectoryIteratorException done

Classes unloaded (0 events):
No events

Classes redefined (0 events):
No events

Internal exceptions (20 events):
Event: 0.956 Thread 0x000001b4e55d72a0 Exception <a 'java/lang/NoSuchMethodError'{0x00000007327d3a78}: 'java.lang.Object java.lang.invoke.DirectMethodHandle$Holder.invokeStatic(java.lang.Object, int, java.lang.Object)'> (0x00000007327d3a78) 
thrown [s\src\hotspot\share\interpreter\linkResolver.cpp, line 773]
Event: 0.956 Thread 0x000001b4e55d72a0 Exception <a 'java/lang/NoSuchMethodError'{0x00000007327d74e8}: 'java.lang.Object java.lang.invoke.DirectMethodHandle$Holder.invokeStaticInit(java.lang.Object, int, java.lang.Object)'> (0x00000007327d74e8) 
thrown [s\src\hotspot\share\interpreter\linkResolver.cpp, line 773]
Event: 0.961 Thread 0x000001b4e55d72a0 Exception <a 'java/lang/NoSuchMethodError'{0x0000000732429490}: 'void java.lang.invoke.DirectMethodHandle$Holder.invokeStaticInit(java.lang.Object, java.lang.Object, java.lang.Object, java.lang.Object)'> (0x0000000732429490) 
thrown [s\src\hotspot\share\interpreter\linkResolver.cpp, line 773]
Event: 0.968 Thread 0x000001b4e55d72a0 Exception <a 'java/lang/NoSuchMethodError'{0x0000000732496c98}: 'int java.lang.invoke.DirectMethodHandle$Holder.invokeStaticInit(java.lang.Object, java.lang.Object)'> (0x0000000732496c98) 
thrown [s\src\hotspot\share\interpreter\linkResolver.cpp, line 773]
Event: 0.993 Thread 0x000001b4e55d72a0 Exception <a 'java/lang/NoSuchMethodError'{0x00000007325b6db0}: 'void java.lang.invoke.DirectMethodHandle$Holder.invokeStatic(java.lang.Object, java.lang.Object)'> (0x00000007325b6db0) 
thrown [s\src\hotspot\share\interpreter\linkResolver.cpp, line 773]
Event: 0.999 Thread 0x000001b4e55d72a0 Exception <a 'sun/nio/fs/WindowsException'{0x00000007325f8e70}> (0x00000007325f8e70) 
thrown [s\src\hotspot\share\prims\jni.cpp, line 520]
Event: 1.011 Thread 0x000001b4e55d72a0 Exception <a 'sun/nio/fs/WindowsException'{0x000000073229d820}> (0x000000073229d820) 
thrown [s\src\hotspot\share\prims\jni.cpp, line 520]
Event: 1.012 Thread 0x000001b4e55d72a0 Exception <a 'sun/nio/fs/WindowsException'{0x000000073229e418}> (0x000000073229e418) 
thrown [s\src\hotspot\share\prims\jni.cpp, line 520]
Event: 1.096 Thread 0x000001b4e55d72a0 Exception <a 'java/lang/NoSuchMethodError'{0x00000007321b8568}: 'void java.lang.invoke.DirectMethodHandle$Holder.invokeStaticInit(java.lang.Object, java.lang.Object)'> (0x00000007321b8568) 
thrown [s\src\hotspot\share\interpreter\linkResolver.cpp, line 773]
Event: 1.143 Thread 0x000001b4e55d72a0 Exception <a 'java/lang/NoSuchMethodError'{0x0000000731ed3748}: 'java.lang.Object java.lang.invoke.DirectMethodHandle$Holder.invokeStaticInit(java.lang.Object, int, int, int, int)'> (0x0000000731ed3748) 
thrown [s\src\hotspot\share\interpreter\linkResolver.cpp, line 773]
Event: 1.166 Thread 0x000001b4e55d72a0 Exception <a 'java/lang/NoSuchMethodError'{0x0000000731fbd068}: 'java.lang.Object java.lang.invoke.DirectMethodHandle$Holder.invokeStaticInit(java.lang.Object, java.lang.Object, int, int, int, int)'> (0x0000000731fbd068) 
thrown [s\src\hotspot\share\interpreter\linkResolver.cpp, line 773]
Event: 1.203 Thread 0x000001b4cd5a7e80 Exception <a 'sun/nio/fs/WindowsException'{0x0000000731d066e0}> (0x0000000731d066e0) 
thrown [s\src\hotspot\share\prims\jni.cpp, line 520]
Event: 1.422 Thread 0x000001b4e55d72a0 Exception <a 'java/lang/NoSuchMethodError'{0x00000007317e7240}: static Lio/quarkus/bootstrap/model/ExtensionDevModeConfig;.<clinit>()V> (0x00000007317e7240) 
thrown [s\src\hotspot\share\prims\jni.cpp, line 1111]
Event: 1.424 Thread 0x000001b4e55d72a0 Exception <a 'java/lang/NoSuchMethodError'{0x00000007317fea68}: static Lio/quarkus/bootstrap/model/JvmOptionsBuilder$JvmOptionsImpl;.<clinit>()V> (0x00000007317fea68) 
thrown [s\src\hotspot\share\prims\jni.cpp, line 1111]
Event: 1.448 Thread 0x000001b4e55d72a0 Exception <a 'sun/nio/fs/WindowsException'{0x000000073149f4f0}> (0x000000073149f4f0) 
thrown [s\src\hotspot\share\prims\jni.cpp, line 520]
Event: 1.450 Thread 0x000001b4e55d72a0 Exception <a 'java/lang/NoSuchMethodError'{0x00000007314be918}: 'void java.lang.invoke.DirectMethodHandle$Holder.invokeVirtual(java.lang.Object, java.lang.Object)'> (0x00000007314be918) 
thrown [s\src\hotspot\share\interpreter\linkResolver.cpp, line 773]
Event: 1.493 Thread 0x000001b4e55d72a0 Exception <a 'java/lang/NoSuchMethodError'{0x00000007312f4ce0}: 'java.lang.ClassLoader java.lang.ClassLoader.getPlatformClassLoader(java.lang.Class)'> (0x00000007312f4ce0) 
thrown [s\src\hotspot\share\interpreter\linkResolver.cpp, line 773]
Event: 1.494 Thread 0x000001b4e55d72a0 Exception <a 'java/lang/NoSuchMethodError'{0x00000007312fcb10}: 'java.lang.Object java.lang.invoke.Invokers$Holder.invokeExact_MT(java.lang.Object, java.lang.Object, java.lang.Object, java.lang.Object, java.lang.Object)'> (0x00000007312fcb10) 
thrown [s\src\hotspot\share\interpreter\linkResolver.cpp, line 773]
Event: 1.873 Thread 0x000001b4e55d72a0 Exception <a 'java/lang/NoSuchMethodError'{0x00000007300aa968}: 'void java.lang.invoke.DirectMethodHandle$Holder.invokeVirtual(java.lang.Object, java.lang.Object, java.lang.Object, java.lang.Object)'> (0x00000007300aa968) 
thrown [s\src\hotspot\share\interpreter\linkResolver.cpp, line 773]
Event: 4.057 Thread 0x000001b4e55d72a0 Implicit null exception at 0x000001b4f7505f18 to 0x000001b4f7506299

ZGC Phase Switch (0 events):
No events

VM Operations (20 events):
Event: 1.462 Executing VM operation: HandshakeAllThreads (Deoptimize)
Event: 1.462 Executing VM operation: HandshakeAllThreads (Deoptimize) done
Event: 1.466 Executing VM operation: HandshakeAllThreads (Deoptimize)
Event: 1.466 Executing VM operation: HandshakeAllThreads (Deoptimize) done
Event: 1.502 Executing VM operation: HandshakeAllThreads (Deoptimize)
Event: 1.502 Executing VM operation: HandshakeAllThreads (Deoptimize) done
Event: 1.504 Executing VM operation: HandshakeAllThreads (Deoptimize)
Event: 1.504 Executing VM operation: HandshakeAllThreads (Deoptimize) done
Event: 1.509 Executing VM operation: HandshakeAllThreads (Deoptimize)
Event: 1.509 Executing VM operation: HandshakeAllThreads (Deoptimize) done
Event: 1.663 Executing VM operation: ICBufferFull
Event: 1.663 Executing VM operation: ICBufferFull done
Event: 1.938 Executing VM operation: G1CollectForAllocation (G1 Evacuation Pause)
Event: 1.947 Executing VM operation: G1CollectForAllocation (G1 Evacuation Pause) done
Event: 3.947 Executing VM operation: Cleanup
Event: 3.947 Executing VM operation: Cleanup done
Event: 4.955 Executing VM operation: Cleanup
Event: 4.955 Executing VM operation: Cleanup done
Event: 10.998 Executing VM operation: Cleanup
Event: 14.138 Executing VM operation: Cleanup done

Memory protections (0 events):
No events

Nmethod flushes (0 events):
No events

Events (20 events):
Event: 0.028 Thread 0x000001b4e55d72a0 Thread added: 0x000001b4e55d72a0
Event: 0.045 Thread 0x000001b4e55d72a0 Thread added: 0x000001b4866cea40
Event: 0.045 Thread 0x000001b4e55d72a0 Thread added: 0x000001b4866cf490
Event: 0.045 Thread 0x000001b4e55d72a0 Thread added: 0x000001b4866d1920
Event: 0.045 Thread 0x000001b4e55d72a0 Thread added: 0x000001b4866d4380
Event: 0.045 Thread 0x000001b4e55d72a0 Thread added: 0x000001b4866d5d50
Event: 0.045 Thread 0x000001b4e55d72a0 Thread added: 0x000001b4866e0590
Event: 0.045 Thread 0x000001b4e55d72a0 Thread added: 0x000001b48670cab0
Event: 0.045 Thread 0x000001b4e55d72a0 Thread added: 0x000001b486711a50
Event: 0.056 Thread 0x000001b4e55d72a0 Thread added: 0x000001b48686ac80
Event: 0.057 Thread 0x000001b4e55d72a0 Thread added: 0x000001b48686dac0
Event: 0.080 Thread 0x000001b486711a50 Thread added: 0x000001b4868b55e0
Event: 0.296 Thread 0x000001b4e55d72a0 Thread added: 0x000001b4cc8d4250
Event: 0.306 Thread 0x000001b4e55d72a0 Thread added: 0x000001b4cc7fe020
Event: 0.441 Thread 0x000001b4e55d72a0 Thread added: 0x000001b4cca21020
Event: 1.000 Thread 0x000001b4e55d72a0 Thread added: 0x000001b4cd38f5d0
Event: 1.173 Thread 0x000001b4e55d72a0 Thread added: 0x000001b4cd5a7e80
Event: 1.307 Thread 0x000001b486711a50 Thread added: 0x000001b4cd32a2e0
Event: 1.492 Thread 0x000001b4cd32a2e0 Thread exited: 0x000001b4cd32a2e0
Event: 1.934 Thread 0x000001b486711a50 Thread added: 0x000001b4ce63dc50


Dynamic libraries:
0x00007ff7981f0000 - 0x00007ff7981fe000 	D:\develop\mandrel-java21-23.1.8.0-Final\bin\java.exe
0x00007ff9832e0000 - 0x00007ff983548000 	C:\WINDOWS\SYSTEM32\ntdll.dll
0x00007ff981b80000 - 0x00007ff981c49000 	C:\WINDOWS\System32\KERNEL32.DLL
0x00007ff980760000 - 0x00007ff980b4d000 	C:\WINDOWS\System32\KERNELBASE.dll
0x00007ff980430000 - 0x00007ff98057b000 	C:\WINDOWS\System32\ucrtbase.dll
0x00007ff967520000 - 0x00007ff96753e000 	D:\develop\mandrel-java21-23.1.8.0-Final\bin\VCRUNTIME140.dll
0x00007ff967890000 - 0x00007ff9678a8000 	D:\develop\mandrel-java21-23.1.8.0-Final\bin\jli.dll
0x00007ff981110000 - 0x00007ff9812dc000 	C:\WINDOWS\System32\USER32.dll
0x00007ff9681a0000 - 0x00007ff96843a000 	C:\WINDOWS\WinSxS\amd64_microsoft.windows.common-controls_6595b64144ccf1df_6.0.26100.4484_none_3e0e6d4ce32ef3b3\COMCTL32.dll
0x00007ff980f10000 - 0x00007ff980f37000 	C:\WINDOWS\System32\win32u.dll
0x00007ff981ad0000 - 0x00007ff981b79000 	C:\WINDOWS\System32\msvcrt.dll
0x00007ff981aa0000 - 0x00007ff981acb000 	C:\WINDOWS\System32\GDI32.dll
0x00007ff980f40000 - 0x00007ff981077000 	C:\WINDOWS\System32\gdi32full.dll
0x00007ff980610000 - 0x00007ff9806b3000 	C:\WINDOWS\System32\msvcp_win.dll
0x00007ff981d50000 - 0x00007ff981d7f000 	C:\WINDOWS\System32\IMM32.DLL
0x00007ff967a80000 - 0x00007ff967a8c000 	D:\develop\mandrel-java21-23.1.8.0-Final\bin\vcruntime140_1.dll
0x00007ff9518d0000 - 0x00007ff95195d000 	D:\develop\mandrel-java21-23.1.8.0-Final\bin\msvcp140.dll
0x00007ff8d8ed0000 - 0x00007ff8d9c67000 	D:\develop\mandrel-java21-23.1.8.0-Final\bin\server\jvm.dll
0x00007ff982430000 - 0x00007ff9824e4000 	C:\WINDOWS\System32\ADVAPI32.dll
0x00007ff9812e0000 - 0x00007ff981386000 	C:\WINDOWS\System32\sechost.dll
0x00007ff983180000 - 0x00007ff983298000 	C:\WINDOWS\System32\RPCRT4.dll
0x00007ff981e10000 - 0x00007ff981e84000 	C:\WINDOWS\System32\WS2_32.dll
0x00007ff980210000 - 0x00007ff98026e000 	C:\WINDOWS\SYSTEM32\POWRPROF.dll
0x00007ff977bc0000 - 0x00007ff977bcb000 	C:\WINDOWS\SYSTEM32\VERSION.dll
0x00007ff977b80000 - 0x00007ff977bb5000 	C:\WINDOWS\SYSTEM32\WINMM.dll
0x00007ff9801f0000 - 0x00007ff980204000 	C:\WINDOWS\SYSTEM32\UMPDC.dll
0x00007ff97f160000 - 0x00007ff97f17b000 	C:\WINDOWS\SYSTEM32\kernel.appcore.dll
0x00007ff966ad0000 - 0x00007ff966ada000 	D:\develop\mandrel-java21-23.1.8.0-Final\bin\jimage.dll
0x00007ff97dbb0000 - 0x00007ff97ddf1000 	C:\WINDOWS\SYSTEM32\DBGHELP.DLL
0x00007ff981e90000 - 0x00007ff982216000 	C:\WINDOWS\System32\combase.dll
0x00007ff981390000 - 0x00007ff981470000 	C:\WINDOWS\System32\OLEAUT32.dll
0x00007ff95c5d0000 - 0x00007ff95c613000 	C:\WINDOWS\SYSTEM32\dbgcore.DLL
0x00007ff9806c0000 - 0x00007ff980759000 	C:\WINDOWS\System32\bcryptPrimitives.dll
0x00007ff966ab0000 - 0x00007ff966acf000 	D:\develop\mandrel-java21-23.1.8.0-Final\bin\java.dll
0x00007ff9826d0000 - 0x00007ff982e1a000 	C:\WINDOWS\System32\SHELL32.dll
0x00007ff980c10000 - 0x00007ff980d84000 	C:\WINDOWS\System32\wintypes.dll
0x00007ff97dfd0000 - 0x00007ff97e82b000 	C:\WINDOWS\SYSTEM32\windows.storage.dll
0x00007ff982fe0000 - 0x00007ff9830d5000 	C:\WINDOWS\System32\SHCORE.dll
0x00007ff981da0000 - 0x00007ff981e0a000 	C:\WINDOWS\System32\shlwapi.dll
0x00007ff9802d0000 - 0x00007ff9802ff000 	C:\WINDOWS\SYSTEM32\profapi.dll
0x00007ff94d360000 - 0x00007ff94d437000 	D:\develop\mandrel-java21-23.1.8.0-Final\bin\jsvml.dll
0x00007ff966aa0000 - 0x00007ff966ab0000 	D:\develop\mandrel-java21-23.1.8.0-Final\bin\net.dll
0x00007ff9797f0000 - 0x00007ff97990e000 	C:\WINDOWS\SYSTEM32\WINHTTP.dll
0x00007ff97f6f0000 - 0x00007ff97f75a000 	C:\WINDOWS\system32\mswsock.dll
0x00007ff9594d0000 - 0x00007ff9594e6000 	D:\develop\mandrel-java21-23.1.8.0-Final\bin\nio.dll
0x00007ff957ed0000 - 0x00007ff957ee8000 	D:\develop\mandrel-java21-23.1.8.0-Final\bin\zip.dll
0x00007ff95cd10000 - 0x00007ff95cd1a000 	D:\develop\mandrel-java21-23.1.8.0-Final\bin\management.dll
0x00007ff959ac0000 - 0x00007ff959acb000 	D:\develop\mandrel-java21-23.1.8.0-Final\bin\management_ext.dll
0x00007ff981100000 - 0x00007ff981108000 	C:\WINDOWS\System32\PSAPI.DLL
0x00007ff966a50000 - 0x00007ff966a60000 	D:\develop\mandrel-java21-23.1.8.0-Final\bin\verify.dll
0x00007ff97f9b0000 - 0x00007ff97f9cb000 	C:\WINDOWS\SYSTEM32\CRYPTSP.dll
0x00007ff97f0c0000 - 0x00007ff97f0fb000 	C:\WINDOWS\system32\rsaenh.dll
0x00007ff97f790000 - 0x00007ff97f7bb000 	C:\WINDOWS\SYSTEM32\USERENV.dll
0x00007ff9802a0000 - 0x00007ff9802c6000 	C:\WINDOWS\SYSTEM32\bcrypt.dll
0x00007ff97f9a0000 - 0x00007ff97f9ac000 	C:\WINDOWS\SYSTEM32\CRYPTBASE.dll
0x00007ff97ec80000 - 0x00007ff97ecb3000 	C:\WINDOWS\SYSTEM32\IPHLPAPI.DLL
0x00007ff982420000 - 0x00007ff98242a000 	C:\WINDOWS\System32\NSI.dll

JVMTI agents: none

dbghelp: loaded successfully - version: 4.0.5 - missing functions: none
symbol engine: initialized successfully - sym options: 0x614 - pdb path: .;D:\develop\mandrel-java21-23.1.8.0-Final\bin;C:\WINDOWS\SYSTEM32;C:\WINDOWS\WinSxS\amd64_microsoft.windows.common-controls_6595b64144ccf1df_6.0.26100.4484_none_3e0e6d4ce32ef3b3;D:\develop\mandrel-java21-23.1.8.0-Final\bin\server

VM Arguments:
java_command: C:\Users\25130\AppData\Local\Temp\surefire3424646620781822813\surefirebooter-20250808174913112_3.jar C:\Users\25130\AppData\Local\Temp\surefire3424646620781822813 2025-08-08T17-49-12_992-jvmRun1 surefire-20250808174913112_1tmp surefire_0-20250808174913112_2tmp
java_class_path (initial): C:\Users\25130\AppData\Local\Temp\surefire3424646620781822813\surefirebooter-20250808174913112_3.jar
Launcher Type: SUN_STANDARD

[Global flags]
     intx CICompilerCount                          = 4                                         {product} {ergonomic}
     uint ConcGCThreads                            = 3                                         {product} {ergonomic}
     uint G1ConcRefinementThreads                  = 10                                        {product} {ergonomic}
   size_t G1HeapRegionSize                         = 2097152                                   {product} {ergonomic}
    uintx GCDrainStackTargetSize                   = 64                                        {product} {ergonomic}
   size_t InitialHeapSize                          = 230686720                                 {product} {ergonomic}
   size_t MarkStackSize                            = 4194304                                   {product} {ergonomic}
   size_t MaxHeapSize                              = 3676307456                                {product} {ergonomic}
   size_t MaxNewSize                               = 2204106752                                {product} {ergonomic}
   size_t MinHeapDeltaBytes                        = 2097152                                   {product} {ergonomic}
   size_t MinHeapSize                              = 8388608                                   {product} {ergonomic}
    uintx NonNMethodCodeHeapSize                   = 5839372                                {pd product} {ergonomic}
    uintx NonProfiledCodeHeapSize                  = 122909434                              {pd product} {ergonomic}
    uintx ProfiledCodeHeapSize                     = 122909434                              {pd product} {ergonomic}
    uintx ReservedCodeCacheSize                    = 251658240                              {pd product} {ergonomic}
     bool SegmentedCodeCache                       = true                                      {product} {ergonomic}
   size_t SoftMaxHeapSize                          = 3676307456                             {manageable} {ergonomic}
     bool UseCompressedOops                        = true                           {product lp64_product} {ergonomic}
     bool UseG1GC                                  = true                                      {product} {ergonomic}
     bool UseLargePagesIndividualAllocation        = false                                  {pd product} {ergonomic}

Logging:
Log output configuration:
 #0: stdout all=warning uptime,level,tags foldmultilines=false
 #1: stderr all=off uptime,level,tags foldmultilines=false

Environment Variables:
JAVA_HOME=D:\develop\mandrel-java21-23.1.8.0-Final
PATH=D:\Drivers\VMware\bin\;D:\develop\mandrel-java21-23.1.8.0-Final\bin;C:\Program Files\Common Files\Oracle\Java\javapath;C:\WINDOWS\system32;C:\WINDOWS;C:\WINDOWS\System32\Wbem;C:\WINDOWS\System32\WindowsPowerShell\v1.0\;C:\WINDOWS\System32\OpenSSH\;D:\develop\apache-maven-3.9.11\bin;D:\mysql\mysql-8.0.42-winx64\bin;C:\Program Files\dotnet\;C:\Users\25130\.jbang\bin;C:\Users\25130\AppData\Local\Microsoft\WindowsApps;D:\Microsoft VS Code\bin;D:\develop\DataGrip 2024.1.1\bin;D:\develop\mandrel-java21-23.1.8.0-Final\bin;;C:\Program Files\Docker\Docker\resources\bin;C:\ProgramData\chocolatey\bin;C:\Users\25130\.jbang\bin;C:\Users\25130\AppData\Local\Microsoft\WindowsApps;D:\Microsoft VS Code\bin;D:\develop\DataGrip 2024.1.1\bin;
USERNAME=25130
OS=Windows_NT
PROCESSOR_IDENTIFIER=AMD64 Family 25 Model 68 Stepping 1, AuthenticAMD
TMP=C:\Users\25130\AppData\Local\Temp
TEMP=C:\Users\25130\AppData\Local\Temp




Periodic native trim disabled

---------------  S Y S T E M  ---------------

OS:
 Windows 11 , 64 bit Build 26100 (10.0.26100.4484)
OS uptime: 3 days 2:01 hours
Hyper-V role detected

CPU: total 12 (initial active 12) (12 cores per cpu, 2 threads per core) family 25 model 68 stepping 1 microcode 0xa404101, cx8, cmov, fxsr, ht, mmx, 3dnowpref, sse, sse2, sse3, ssse3, sse4a, sse4.1, sse4.2, popcnt, lzcnt, tsc, tscinvbit, avx, avx2, aes, clmul, bmi1, bmi2, adx, sha, fma, vzeroupper, clflush, clflushopt, hv, rdtscp, rdpid, f16c, cet_ss
Processor Information for processor 0
  Max Mhz: 3301, Current Mhz: 3301, Mhz Limit: 3301
Processor Information for processor 1
  Max Mhz: 3301, Current Mhz: 3301, Mhz Limit: 3301
Processor Information for processor 2
  Max Mhz: 3301, Current Mhz: 3301, Mhz Limit: 3301
Processor Information for processor 3
  Max Mhz: 3301, Current Mhz: 2640, Mhz Limit: 3301
Processor Information for processor 4
  Max Mhz: 3301, Current Mhz: 2640, Mhz Limit: 3301
Processor Information for processor 5
  Max Mhz: 3301, Current Mhz: 2640, Mhz Limit: 3301
Processor Information for processor 6
  Max Mhz: 3301, Current Mhz: 3301, Mhz Limit: 3301
Processor Information for processor 7
  Max Mhz: 3301, Current Mhz: 2640, Mhz Limit: 3301
Processor Information for processor 8
  Max Mhz: 3301, Current Mhz: 3301, Mhz Limit: 3301
Processor Information for processor 9
  Max Mhz: 3301, Current Mhz: 3301, Mhz Limit: 3301
Processor Information for processor 10
  Max Mhz: 3301, Current Mhz: 3301, Mhz Limit: 3301
Processor Information for processor 11
  Max Mhz: 3301, Current Mhz: 3301, Mhz Limit: 3301

Memory: 4k page, system-wide physical 14020M (827M free)
TotalPageFile size 39621M (AvailPageFile size 8M)
current process WorkingSet (physical memory assigned to process): 199M, peak: 199M
current process commit charge ("private bytes"): 390M, peak: 390M

vm_info: OpenJDK 64-Bit Server VM (21.0.8+9-LTS) for windows-amd64 JRE (21.0.8+9-LTS), built on 2025-07-15T00:00:00Z by "admin" with MS VC++ 17.7 (VS2022)

END.
